<?xml version="1.0" encoding="UTF-8"?>
<!-- Generated by org.testng.reporters.JUnitReportReporter -->
<testsuite hostname="Panalink-02" name="autometionPage.Verification" tests="2" failures="0" timestamp="1 Dec 2017 09:35:56 GMT" time="41.482" errors="0">
  <testcase name="lunchBrowser" time="41.432" classname="autometionPage.Verification"/>
  <testcase name="verifiedTitle" time="0.050" classname="autometionPage.Verification"/>
</testsuite> <!-- autometionPage.Verification -->
