<?xml version="1.0" encoding="UTF-8"?>
<!-- Generated by org.testng.reporters.JUnitReportReporter -->
<testsuite hostname="Panalink-02" name="autometionPage.HelpFAQ" tests="1" failures="0" timestamp="1 Dec 2017 09:35:56 GMT" time="17.424" errors="0">
  <testcase name="HelpAndFAQ" time="17.424" classname="autometionPage.HelpFAQ"/>
</testsuite> <!-- autometionPage.HelpFAQ -->
