<?xml version="1.0" encoding="UTF-8"?>
<!-- Generated by org.testng.reporters.JUnitReportReporter -->
<testsuite hostname="Panalink-02" name="autometionPage.PaymentsHistory" tests="1" failures="0" timestamp="1 Dec 2017 09:35:56 GMT" time="29.405" errors="0">
  <testcase name="Check_Paymenthistory" time="29.405" classname="autometionPage.PaymentsHistory"/>
</testsuite> <!-- autometionPage.PaymentsHistory -->
