<?xml version="1.0" encoding="UTF-8"?>
<!-- Generated by org.testng.reporters.JUnitReportReporter -->
<testsuite hostname="Panalink-02" name="autometionPage.TitleVerification" tests="1" failures="0" timestamp="4 Nov 2016 05:16:13 GMT" time="0.158" errors="0">
  <testcase name="verifiedTitle" time="0.158" classname="autometionPage.TitleVerification"/>
</testsuite> <!-- autometionPage.TitleVerification -->
