<?xml version="1.0" encoding="UTF-8"?>
<!-- Generated by org.testng.reporters.JUnitReportReporter -->
<testsuite hostname="Panalink-02" name="autometionPage.LogOut" tests="4" failures="0" timestamp="1 Dec 2017 09:35:56 GMT" time="48.483" errors="0">
  <testcase name="logout" time="7.809" classname="autometionPage.LogOut"/>
  <testcase name="logout" time="8.444" classname="autometionPage.LogOut"/>
  <testcase name="logout" time="7.544" classname="autometionPage.LogOut"/>
  <testcase name="logout" time="24.686" classname="autometionPage.LogOut"/>
</testsuite> <!-- autometionPage.LogOut -->
