<?xml version="1.0" encoding="UTF-8"?>
<!-- Generated by org.testng.reporters.JUnitReportReporter -->
<testsuite hostname="Panalink-02" name="autometionPage.AdminMyProfile" tests="1" failures="0" timestamp="1 Dec 2017 09:35:56 GMT" time="25.407" errors="0">
  <testcase name="updateProfile" time="25.407" classname="autometionPage.AdminMyProfile"/>
</testsuite> <!-- autometionPage.AdminMyProfile -->
