<?xml version="1.0" encoding="UTF-8"?>
<!-- Generated by org.testng.reporters.JUnitReportReporter -->
<testsuite hostname="Panalink-02" name="autometionPage.PendingInvoice" tests="1" failures="0" timestamp="1 Dec 2017 09:35:56 GMT" time="14.474" errors="0">
  <testcase name="Check_PendingInvoice" time="14.474" classname="autometionPage.PendingInvoice"/>
</testsuite> <!-- autometionPage.PendingInvoice -->
