<?xml version="1.0" encoding="UTF-8"?>
<!-- Generated by org.testng.reporters.JUnitReportReporter -->
<testsuite hostname="Panalink-02" name="autometionPage.CTforPatient" tests="4" failures="0" timestamp="27 Nov 2017 03:58:28 GMT" time="81.883" errors="0">
  <testcase name="CStudyTeam" time="17.368" classname="autometionPage.CTforPatient"/>
  <testcase name="PCPatient" time="15.002" classname="autometionPage.CTforPatient"/>
  <testcase name="CTServerForm" time="37.127" classname="autometionPage.CTforPatient"/>
  <testcase name="RequestCallBack" time="12.386" classname="autometionPage.CTforPatient"/>
</testsuite> <!-- autometionPage.CTforPatient -->
