<?xml version="1.0" encoding="UTF-8"?>
<!-- Generated by org.testng.reporters.JUnitReportReporter -->
<testsuite hostname="Panalink-02" name="adminAutomationPage.AddOutComeStudy" tests="2" failures="0" timestamp="18 Jan 2018 10:27:20 GMT" time="111.800" errors="0">
  <testcase name="surveyFormDesing" time="61.902" classname="adminAutomationPage.AddOutComeStudy"/>
  <testcase name="OutComeStudy" time="49.898" classname="adminAutomationPage.AddOutComeStudy"/>
</testsuite> <!-- adminAutomationPage.AddOutComeStudy -->
