<?xml version="1.0" encoding="UTF-8"?>
<!-- Generated by org.testng.reporters.JUnitReportReporter -->
<testsuite hostname="Panalink-02" name="adminAutomationPage.AdminLogin" tests="6" failures="0" timestamp="16 Jan 2018 03:38:15 GMT" time="6.910" errors="0">
  <testcase name="adminlogin2" time="0.360" classname="adminAutomationPage.AdminLogin"/>
  <testcase name="adminlogin2" time="0.329" classname="adminAutomationPage.AdminLogin"/>
  <testcase name="adminlogin3" time="5.347" classname="adminAutomationPage.AdminLogin"/>
  <testcase name="adminlogin2" time="0.298" classname="adminAutomationPage.AdminLogin"/>
  <testcase name="adminlogin2" time="0.283" classname="adminAutomationPage.AdminLogin"/>
  <testcase name="adminlogin2" time="0.293" classname="adminAutomationPage.AdminLogin"/>
</testsuite> <!-- adminAutomationPage.AdminLogin -->
