<?xml version="1.0" encoding="UTF-8"?>
<!-- Generated by org.testng.reporters.JUnitReportReporter -->
<testsuite hostname="Panalink-02" name="adminAutomationPage.UpdateMedicalGroup" tests="1" failures="0" timestamp="30 Jun 2017 10:34:26 GMT" time="8.536" errors="0">
  <testcase name="addProvider" time="8.536" classname="adminAutomationPage.UpdateMedicalGroup"/>
</testsuite> <!-- adminAutomationPage.UpdateMedicalGroup -->
