<?xml version="1.0" encoding="UTF-8"?>
<!-- Generated by org.testng.reporters.JUnitReportReporter -->
<testsuite hostname="Panalink-02" name="autometionPage.ChangePassword" tests="4" failures="0" timestamp="1 Dec 2017 09:35:56 GMT" time="64.199" errors="0">
  <testcase name="ChangeUserPasswod" time="16.832" classname="autometionPage.ChangePassword"/>
  <testcase name="ChangeUserPasswod" time="14.017" classname="autometionPage.ChangePassword"/>
  <testcase name="ChangeUserPasswod" time="17.697" classname="autometionPage.ChangePassword"/>
  <testcase name="ChangeUserPasswod" time="15.653" classname="autometionPage.ChangePassword"/>
</testsuite> <!-- autometionPage.ChangePassword -->
