<?xml version="1.0" encoding="UTF-8"?>
<!-- Generated by org.testng.reporters.JUnitReportReporter -->
<testsuite hostname="Panalink-02" name="adminAutomationPage.ValidationAndPayment" tests="5" failures="0" timestamp="7 Mar 2017 09:11:44 GMT" time="42.442" errors="0">
  <testcase name="ClickOnPatient" time="7.547" classname="adminAutomationPage.ValidationAndPayment"/>
  <testcase name="ClickOnValidationRequired" time="14.939" classname="adminAutomationPage.ValidationAndPayment"/>
  <testcase name="historyDetail" time="7.083" classname="adminAutomationPage.ValidationAndPayment"/>
  <testcase name="invoiceToProcess" time="7.673" classname="adminAutomationPage.ValidationAndPayment"/>
  <testcase name="toInvoice" time="5.200" classname="adminAutomationPage.ValidationAndPayment"/>
</testsuite> <!-- adminAutomationPage.ValidationAndPayment -->
