<?xml version="1.0" encoding="UTF-8"?>
<!-- Generated by org.testng.reporters.JUnitReportReporter -->
<testsuite hostname="Panalink-02" name="autometionPage.Login" tests="1" failures="0" timestamp="23 Jan 2018 09:30:28 GMT" time="16.923" errors="0">
  <testcase name="loginToAprovedUsed" time="16.923" classname="autometionPage.Login"/>
</testsuite> <!-- autometionPage.Login -->
