<?xml version="1.0" encoding="UTF-8"?>
<!-- Generated by org.testng.reporters.JUnitReportReporter -->
<testsuite hostname="Panalink-02" name="adminAutomationPage.AddMedicalGroup" tests="1" failures="0" timestamp="18 Jan 2018 09:44:58 GMT" time="29.847" errors="0">
  <testcase name="addProvider" time="29.847" classname="adminAutomationPage.AddMedicalGroup"/>
</testsuite> <!-- adminAutomationPage.AddMedicalGroup -->
