<?xml version="1.0" encoding="UTF-8"?>
<!-- Generated by org.testng.reporters.JUnitReportReporter -->
<testsuite hostname="DESKTOP-B53CMLH" name="adminAutomationPage.AddClinicalTrialForHCP" tests="1" failures="0" timestamp="18 May 2018 04:20:22 GMT" time="58.108" errors="0">
  <testcase name="HCPclinicalTrial" time="58.108" classname="adminAutomationPage.AddClinicalTrialForHCP"/>
</testsuite> <!-- adminAutomationPage.AddClinicalTrialForHCP -->
