<?xml version="1.0" encoding="UTF-8"?>
<!-- Generated by org.testng.reporters.JUnitReportReporter -->
<testsuite hostname="DESKTOP-B53CMLH" name="adminAutomationPage.Add_HCP_ProviderFromAdmin" tests="2" failures="0" timestamp="16 May 2018 03:49:09 GMT" time="57.075" errors="0">
  <testcase name="addProvider" time="57.074" classname="adminAutomationPage.Add_HCP_ProviderFromAdmin"/>
  <testcase name="test" time="0.001" classname="adminAutomationPage.Add_HCP_ProviderFromAdmin"/>
</testsuite> <!-- adminAutomationPage.Add_HCP_ProviderFromAdmin -->
