<?xml version="1.0" encoding="UTF-8"?>
<!-- Generated by org.testng.reporters.JUnitReportReporter -->
<testsuite hostname="DESKTOP-B53CMLH" name="adminAutomationPage.Add_Non_HCP_ProviderFromAdmin" tests="2" failures="0" timestamp="17 May 2018 12:20:41 GMT" time="49.137" errors="0">
  <testcase name="addProvider" time="49.133" classname="adminAutomationPage.Add_Non_HCP_ProviderFromAdmin"/>
  <testcase name="test" time="0.004" classname="adminAutomationPage.Add_Non_HCP_ProviderFromAdmin"/>
</testsuite> <!-- adminAutomationPage.Add_Non_HCP_ProviderFromAdmin -->
