<?xml version="1.0" encoding="UTF-8"?>
<!-- Generated by org.testng.reporters.JUnitReportReporter -->
<testsuite hostname="DESKTOP-B53CMLH" name="autometionPage.CompleteRegistrationForHCP" tests="2" failures="0" timestamp="25 Jun 2018 11:45:48 GMT" time="64.901" errors="0">
  <testcase name="CompleteRegistrationForHCP1" time="59.727" classname="autometionPage.CompleteRegistrationForHCP"/>
  <testcase name="ClickOn_OkButton" time="5.174" classname="autometionPage.CompleteRegistrationForHCP"/>
</testsuite> <!-- autometionPage.CompleteRegistrationForHCP -->
