<?xml version="1.0" encoding="UTF-8"?>
<!-- Generated by org.testng.reporters.JUnitReportReporter -->
<testsuite hostname="DESKTOP-B53CMLH" name="autometionPage.CompleteRegistrationForNonHCP" tests="2" failures="0" timestamp="18 May 2018 08:26:59 GMT" time="55.013" errors="0">
  <testcase name="RegistrationForNonHCP" time="49.837" classname="autometionPage.CompleteRegistrationForNonHCP"/>
  <testcase name="ClickOn_OkButton" time="5.176" classname="autometionPage.CompleteRegistrationForNonHCP"/>
</testsuite> <!-- autometionPage.CompleteRegistrationForNonHCP -->
