<?xml version="1.0" encoding="UTF-8"?>
<!-- Generated by org.testng.reporters.JUnitReportReporter -->
<testsuite hostname="Panalink-02" name="autometionPage.LoginVerification" tests="4" failures="0" timestamp="1 Dec 2017 09:35:56 GMT" time="21.861" errors="0">
  <testcase name="loginToPP" time="4.483" classname="autometionPage.LoginVerification"/>
  <testcase name="loginToPP" time="5.669" classname="autometionPage.LoginVerification"/>
  <testcase name="loginToPP" time="6.777" classname="autometionPage.LoginVerification"/>
  <testcase name="loginToPP" time="4.932" classname="autometionPage.LoginVerification"/>
</testsuite> <!-- autometionPage.LoginVerification -->
