<?xml version="1.0" encoding="UTF-8"?>
<!-- Generated by org.testng.reporters.JUnitReportReporter -->
<testsuite hostname="DESKTOP-B53CMLH" name="adminAutomationPage.AddProviderFromAdmin" tests="2" failures="0" timestamp="12 Apr 2018 08:35:05 GMT" time="47.977" errors="0">
  <testcase name="addProvider" time="47.976" classname="adminAutomationPage.AddProviderFromAdmin"/>
  <testcase name="test" time="0.001" classname="adminAutomationPage.AddProviderFromAdmin"/>
</testsuite> <!-- adminAutomationPage.AddProviderFromAdmin -->
