<?xml version="1.0" encoding="UTF-8"?>
<!-- Generated by org.testng.reporters.JUnitReportReporter -->
<testsuite hostname="Panalink-02" name="adminAutomationPage.ProviderDetail" tests="2" failures="0" timestamp="13 Dec 2017 04:56:36 GMT" time="46.746" errors="0">
  <testcase name="test" time="0.002" classname="adminAutomationPage.ProviderDetail"/>
  <testcase name="addProvider" time="46.744" classname="adminAutomationPage.ProviderDetail"/>
</testsuite> <!-- adminAutomationPage.ProviderDetail -->
