<?xml version="1.0" encoding="UTF-8"?>
<!-- Generated by org.testng.reporters.JUnitReportReporter -->
<testsuite hostname="Panalink-02" name="autometionPage.PaymentsDetails" tests="1" failures="0" timestamp="3 Jan 2017 04:20:41 GMT" time="15.435" errors="0">
  <testcase name="invoiceDetail" time="15.435" classname="autometionPage.PaymentsDetails"/>
</testsuite> <!-- autometionPage.PaymentsDetails -->
