<?xml version="1.0" encoding="UTF-8"?>
<!-- Generated by org.testng.reporters.JUnitReportReporter -->
<testsuite hostname="Panalink-02" name="autometionPage.SearchNews" tests="1" failures="0" timestamp="1 Dec 2017 09:35:56 GMT" time="21.987" errors="0">
  <testcase name="newsSeach" time="21.987" classname="autometionPage.SearchNews"/>
</testsuite> <!-- autometionPage.SearchNews -->
