<?xml version="1.0" encoding="UTF-8"?>
<!-- Generated by org.testng.reporters.JUnitReportReporter -->
<testsuite hostname="Panalink-02" name="autometionPage.ContectAltura" tests="1" failures="0" timestamp="1 Dec 2017 09:35:56 GMT" time="18.283" errors="0">
  <testcase name="contectToAltura" time="18.283" classname="autometionPage.ContectAltura"/>
</testsuite> <!-- autometionPage.ContectAltura -->
