<?xml version="1.0" encoding="UTF-8"?>
<!-- Generated by org.testng.reporters.JUnitReportReporter -->
<testsuite hostname="Panalink-02" name="autometionPage.RequestAccessPage" tests="1" failures="0" timestamp="14 Nov 2017 05:37:02 GMT" time="63.614" errors="0">
  <testcase name="CompleteRegistrationForHCP" time="63.614" classname="autometionPage.RequestAccessPage"/>
</testsuite> <!-- autometionPage.RequestAccessPage -->
